<?xml version="1.0" encoding="UTF-8"?>
<testsuite xmlns:xsi="http://www.w3.org/2001/XMLSchema-instance" xsi:noNamespaceSchemaLocation="https://maven.apache.org/surefire/maven-surefire-plugin/xsd/surefire-test-report-3.0.xsd" version="3.0" name="com.example.PlanetCalculationsTest" time="0.098" tests="2" errors="0" skipped="0" failures="0">
  <properties>
    <property name="java.specification.version" value="24"/>
    <property name="sun.jnu.encoding" value="UTF-8"/>
    <property name="java.class.path" value="/home/razvanspartan/IdeaProjects/Rocketproject/target/test-classes:/home/razvanspartan/IdeaProjects/Rocketproject/target/classes:/home/razvanspartan/.m2/repository/org/openjfx/javafx-controls/21/javafx-controls-21.jar:/home/razvanspartan/.m2/repository/org/openjfx/javafx-controls/21/javafx-controls-21-linux.jar:/home/razvanspartan/.m2/repository/org/openjfx/javafx-graphics/21/javafx-graphics-21.jar:/home/razvanspartan/.m2/repository/org/openjfx/javafx-graphics/21/javafx-graphics-21-linux.jar:/home/razvanspartan/.m2/repository/org/openjfx/javafx-base/21/javafx-base-21.jar:/home/razvanspartan/.m2/repository/org/openjfx/javafx-base/21/javafx-base-21-linux.jar:/home/razvanspartan/.m2/repository/org/openjfx/javafx-fxml/21/javafx-fxml-21.jar:/home/razvanspartan/.m2/repository/org/openjfx/javafx-fxml/21/javafx-fxml-21-linux.jar:/home/razvanspartan/.m2/repository/org/junit/jupiter/junit-jupiter/5.9.0/junit-jupiter-5.9.0.jar:/home/razvanspartan/.m2/repository/org/junit/jupiter/junit-jupiter-api/5.8.0/junit-jupiter-api-5.8.0.jar:/home/razvanspartan/.m2/repository/org/opentest4j/opentest4j/1.2.0/opentest4j-1.2.0.jar:/home/razvanspartan/.m2/repository/org/junit/platform/junit-platform-commons/1.8.0/junit-platform-commons-1.8.0.jar:/home/razvanspartan/.m2/repository/org/apiguardian/apiguardian-api/1.1.2/apiguardian-api-1.1.2.jar:/home/razvanspartan/.m2/repository/org/junit/jupiter/junit-jupiter-engine/5.8.0/junit-jupiter-engine-5.8.0.jar:/home/razvanspartan/.m2/repository/org/junit/platform/junit-platform-engine/1.8.0/junit-platform-engine-1.8.0.jar:/home/razvanspartan/.m2/repository/org/junit/jupiter/junit-jupiter-params/5.8.0/junit-jupiter-params-5.8.0.jar:"/>
    <property name="java.vm.vendor" value="Oracle Corporation"/>
    <property name="sun.arch.data.model" value="64"/>
    <property name="java.vendor.url" value="https://java.oracle.com/"/>
    <property name="os.name" value="Linux"/>
    <property name="java.vm.specification.version" value="24"/>
    <property name="sun.java.launcher" value="SUN_STANDARD"/>
    <property name="user.country" value="US"/>
    <property name="sun.boot.library.path" value="/home/razvanspartan/.jdks/openjdk-24/lib"/>
    <property name="sun.java.command" value="/home/razvanspartan/IdeaProjects/Rocketproject/target/surefire/surefirebooter-20250323103422160_3.jar /home/razvanspartan/IdeaProjects/Rocketproject/target/surefire 2025-03-23T10-34-22_057-jvmRun1 surefire-20250323103422160_1tmp surefire_0-20250323103422160_2tmp"/>
    <property name="jdk.debug" value="release"/>
    <property name="surefire.test.class.path" value="/home/razvanspartan/IdeaProjects/Rocketproject/target/test-classes:/home/razvanspartan/IdeaProjects/Rocketproject/target/classes:/home/razvanspartan/.m2/repository/org/openjfx/javafx-controls/21/javafx-controls-21.jar:/home/razvanspartan/.m2/repository/org/openjfx/javafx-controls/21/javafx-controls-21-linux.jar:/home/razvanspartan/.m2/repository/org/openjfx/javafx-graphics/21/javafx-graphics-21.jar:/home/razvanspartan/.m2/repository/org/openjfx/javafx-graphics/21/javafx-graphics-21-linux.jar:/home/razvanspartan/.m2/repository/org/openjfx/javafx-base/21/javafx-base-21.jar:/home/razvanspartan/.m2/repository/org/openjfx/javafx-base/21/javafx-base-21-linux.jar:/home/razvanspartan/.m2/repository/org/openjfx/javafx-fxml/21/javafx-fxml-21.jar:/home/razvanspartan/.m2/repository/org/openjfx/javafx-fxml/21/javafx-fxml-21-linux.jar:/home/razvanspartan/.m2/repository/org/junit/jupiter/junit-jupiter/5.9.0/junit-jupiter-5.9.0.jar:/home/razvanspartan/.m2/repository/org/junit/jupiter/junit-jupiter-api/5.8.0/junit-jupiter-api-5.8.0.jar:/home/razvanspartan/.m2/repository/org/opentest4j/opentest4j/1.2.0/opentest4j-1.2.0.jar:/home/razvanspartan/.m2/repository/org/junit/platform/junit-platform-commons/1.8.0/junit-platform-commons-1.8.0.jar:/home/razvanspartan/.m2/repository/org/apiguardian/apiguardian-api/1.1.2/apiguardian-api-1.1.2.jar:/home/razvanspartan/.m2/repository/org/junit/jupiter/junit-jupiter-engine/5.8.0/junit-jupiter-engine-5.8.0.jar:/home/razvanspartan/.m2/repository/org/junit/platform/junit-platform-engine/1.8.0/junit-platform-engine-1.8.0.jar:/home/razvanspartan/.m2/repository/org/junit/jupiter/junit-jupiter-params/5.8.0/junit-jupiter-params-5.8.0.jar:"/>
    <property name="sun.cpu.endian" value="little"/>
    <property name="user.home" value="/home/razvanspartan"/>
    <property name="user.language" value="en"/>
    <property name="java.specification.vendor" value="Oracle Corporation"/>
    <property name="java.version.date" value="2025-03-18"/>
    <property name="java.home" value="/home/razvanspartan/.jdks/openjdk-24"/>
    <property name="file.separator" value="/"/>
    <property name="basedir" value="/home/razvanspartan/IdeaProjects/Rocketproject"/>
    <property name="java.vm.compressedOopsMode" value="32-bit"/>
    <property name="line.separator" value="&#10;"/>
    <property name="java.specification.name" value="Java Platform API Specification"/>
    <property name="java.vm.specification.vendor" value="Oracle Corporation"/>
    <property name="surefire.real.class.path" value="/home/razvanspartan/IdeaProjects/Rocketproject/target/surefire/surefirebooter-20250323103422160_3.jar"/>
    <property name="sun.management.compiler" value="HotSpot 64-Bit Tiered Compilers"/>
    <property name="java.runtime.version" value="24+36-3646"/>
    <property name="user.name" value="razvanspartan"/>
    <property name="stdout.encoding" value="UTF-8"/>
    <property name="path.separator" value=":"/>
    <property name="os.version" value="6.13.7-arch1-1"/>
    <property name="java.runtime.name" value="OpenJDK Runtime Environment"/>
    <property name="file.encoding" value="UTF-8"/>
    <property name="java.vm.name" value="OpenJDK 64-Bit Server VM"/>
    <property name="localRepository" value="/home/razvanspartan/.m2/repository"/>
    <property name="java.vendor.url.bug" value="https://bugreport.java.com/bugreport/"/>
    <property name="java.io.tmpdir" value="/tmp"/>
    <property name="idea.version" value="2024.3.4"/>
    <property name="java.version" value="24"/>
    <property name="user.dir" value="/home/razvanspartan/IdeaProjects/Rocketproject"/>
    <property name="os.arch" value="amd64"/>
    <property name="java.vm.specification.name" value="Java Virtual Machine Specification"/>
    <property name="native.encoding" value="UTF-8"/>
    <property name="java.library.path" value="/usr/java/packages/lib:/usr/lib64:/lib64:/lib:/usr/lib"/>
    <property name="java.vm.info" value="mixed mode, sharing"/>
    <property name="stderr.encoding" value="UTF-8"/>
    <property name="java.vendor" value="Oracle Corporation"/>
    <property name="java.vm.version" value="24+36-3646"/>
    <property name="sun.io.unicode.encoding" value="UnicodeLittle"/>
    <property name="java.class.version" value="68.0"/>
  </properties>
  <testcase name="getRadius" classname="com.example.PlanetCalculationsTest" time="0.068"/>
  <testcase name="getEscapeVelocity" classname="com.example.PlanetCalculationsTest" time="0.003"/>
</testsuite>